<?xml version="1.0" encoding="UTF-8"?>
<!-- Generated by org.testng.reporters.JUnitReportReporter -->
<testsuite skipped="0" hostname="HP" name="com.actitime.testscript.CustomerModule" tests="1" failures="0" timestamp="14 Apr 2023 13:38:44 GMT" time="0.028" errors="0">
  <testcase name="CreateCustomer" time="0.028" classname="com.actitime.testscript.CustomerModule"/>
</testsuite> <!-- com.actitime.testscript.CustomerModule -->
